<?xml version="1.0" encoding="UTF-8"?>
<!-- Generated by org.testng.reporters.JUnitReportReporter -->
<testsuite hostname="LAPTOP-VU3PB39N" failures="0" tests="2" name="test.Day1" time="0.002" errors="0" timestamp="2024-09-01T14:12:17 IST" skipped="0">
  <testcase classname="test.Day1" name="Demo1" time="0.001"/>
  <system-out/>
  <testcase classname="test.Day1" name="Demo" time="0.001"/>
  <system-out/>
</testsuite> <!-- test.Day1 -->
