<?xml version="1.0" encoding="UTF-8"?>
<!-- Generated by org.testng.reporters.JUnitReportReporter -->
<testsuite hostname="LAPTOP-VU3PB39N" failures="0" tests="5" name="test.Day4" time="0.021" errors="0" timestamp="2024-09-01T14:12:17 IST" skipped="0">
  <testcase classname="test.Day4" name="Demo" time="0.014"/>
  <system-out/>
  <testcase classname="test.Day4" name="SignUp" time="0.001"/>
  <system-out/>
  <testcase classname="test.Day4" name="Demo1" time="0.002"/>
  <system-out/>
  <testcase classname="test.Day4" name="SignUp" time="0.002"/>
  <system-out/>
  <testcase classname="test.Day4" name="SignUp" time="0.002"/>
  <system-out/>
</testsuite> <!-- test.Day4 -->
