<?xml version="1.0" encoding="UTF-8"?>
<!-- Generated by org.testng.reporters.JUnitReportReporter -->
<testsuite hostname="LAPTOP-VU3PB39N" failures="0" tests="4" name="test.Day3" time="0.005" errors="0" timestamp="2024-09-01T14:12:17 IST" skipped="1">
  <testcase classname="test.Day3" name="ServiceAdmin" time="0.001"/>
  <system-out/>
  <testcase classname="test.Day3" name="LoanSearch" time="0.002"/>
  <system-out/>
  <testcase classname="test.Day3" name="Login" time="0.002"/>
  <system-out/>
  <testcase classname="test.Day3" name="BankRecon">
    <skipped/>
  </testcase> <!-- BankRecon -->
  <system-out/>
</testsuite> <!-- test.Day3 -->
